<?xml version="1.0" encoding="UTF-8"?>
<testsuite xmlns:xsi="http://www.w3.org/2001/XMLSchema-instance" xsi:noNamespaceSchemaLocation="https://maven.apache.org/surefire/maven-surefire-plugin/xsd/surefire-test-report.xsd" name="net.mc.tools.RunRegressionWebTests" time="13.284" tests="6" errors="0" skipped="0" failures="0">
  <properties>
[...]
</properties>
  <testcase name="Login with valid registered user details" classname="API - Login as a registered user" time="3.501"/>
  <testcase name="Verify that User is not able to Login with invalid Username and invalid Password" classname="API - Login as a registered user" time="0.726"/>
  <testcase name="Verify that User is not able to Login with invalid Username and invalid Password" classname="API - Login as a registered user" time="0.824"/>
  <testcase name="Verify that User is not able to Login with invalid Username and invalid Password" classname="API - Login as a registered user" time="3.985"/>
  <testcase name="Verify that validation message is displayed in the case when User leaves Username or Password as blank" classname="API - Login as a registered user" time="1.2"/>
  <testcase name="We create a login scenario that is used by all api for testing their functionality" classname="API - Login as a registered user" time="0.973"/>
</testsuite>