<?xml version="1.0" encoding="UTF-8"?><testsuite errors="0" failures="0" name="API - Login as a registered user" skipped="0" tests="6" time="11.84" timestamp="2020-03-03 02:58:46"><testcase name="Login with valid registered user details"/><testcase name="Verify that User is not able to Login with invalid Username and invalid Password"/><testcase name="Verify that validation message is displayed in the case when User leaves Username or Password as blank"/><testcase name="We create a login scenario that is used by all api for testing their functionality"/></testsuite>